Build started 15/12/2014 03:32:50.
     1>Project "C:\Users\Liam\Desktop\Graphics Temp\Graphics MUTHAFUCKIN FINISHED\graphics new\oglwin32\oglwin32\OGLWin32.vcxproj" on node 2 (Build target(s)).
     1>ClCompile:
         E:\Software\Microsoft Visual Studio 12.0\VC\bin\CL.exe /c /Zi /nologo /W3 /WX- /O2 /Oi /Oy- /GL /D WIN32 /D NDEBUG /D _WINDOWS /D _UNICODE /D UNICODE /Gm- /EHsc /MD /GS /Gy /fp:precise /Zc:wchar_t /Zc:forScope /Fo"Release\\" /Fd"Release\vc120.pdb" /Gd /TP /analyze- /errorReport:prompt OGLApplication.cpp
         OGLApplication.cpp
     1>OGLApplication.cpp(229): warning C4244: 'argument' : conversion from 'double' to 'float', possible loss of data
     1>OGLApplication.cpp(230): warning C4244: 'argument' : conversion from 'double' to 'float', possible loss of data
     1>OGLApplication.cpp(231): warning C4244: 'argument' : conversion from 'double' to 'float', possible loss of data
     1>OGLApplication.cpp(232): warning C4244: 'argument' : conversion from 'double' to 'float', possible loss of data
     1>OGLApplication.cpp(233): warning C4244: 'argument' : conversion from 'double' to 'float', possible loss of data
     1>OGLApplication.cpp(237): warning C4244: 'argument' : conversion from 'double' to 'float', possible loss of data
     1>OGLApplication.cpp(238): warning C4244: 'argument' : conversion from 'double' to 'float', possible loss of data
     1>OGLApplication.cpp(239): warning C4244: 'argument' : conversion from 'double' to 'float', possible loss of data
     1>OGLApplication.cpp(240): warning C4244: 'argument' : conversion from 'double' to 'float', possible loss of data
     1>OGLApplication.cpp(241): warning C4244: 'argument' : conversion from 'double' to 'float', possible loss of data
     1>OGLApplication.cpp(173): warning C4101: 'wmId' : unreferenced local variable
     1>OGLApplication.cpp(173): warning C4101: 'wmEvent' : unreferenced local variable
     1>OGLApplication.cpp(433): warning C4996: 'mbstowcs': This function or variable may be unsafe. Consider using mbstowcs_s instead. To disable deprecation, use _CRT_SECURE_NO_WARNINGS. See online help for details.
                 E:\Software\Microsoft Visual Studio 12.0\VC\include\stdlib.h(528) : see declaration of 'mbstowcs'
       Link:
         E:\Software\Microsoft Visual Studio 12.0\VC\bin\link.exe /ERRORREPORT:PROMPT /OUT:"C:\Users\Liam\Desktop\Graphics Temp\Graphics MUTHAFUCKIN FINISHED\graphics new\oglwin32\Release\OGLWin32.exe" /INCREMENTAL:NO /NOLOGO kernel32.lib user32.lib gdi32.lib winspool.lib comdlg32.lib advapi32.lib shell32.lib ole32.lib oleaut32.lib uuid.lib odbc32.lib odbccp32.lib /MANIFEST /MANIFESTUAC:"level='asInvoker' uiAccess='false'" /manifest:embed /DEBUG /PDB:"C:\Users\Liam\Desktop\Graphics Temp\Graphics MUTHAFUCKIN FINISHED\graphics new\oglwin32\Release\OGLWin32.pdb" /SUBSYSTEM:WINDOWS /OPT:REF /OPT:ICF /LTCG /TLBID:1 /DYNAMICBASE /NXCOMPAT /IMPLIB:"C:\Users\Liam\Desktop\Graphics Temp\Graphics MUTHAFUCKIN FINISHED\graphics new\oglwin32\Release\OGLWin32.lib" /MACHINE:X86 /SAFESEH Release\OGLWin32.res
         Release\FileReader.obj
         Release\GLFont.obj
         Release\Graph.obj
         Release\GUIText.obj
         Release\ListHead.obj
         Release\ListNode.obj
         Release\OGLApplication.obj
         Release\OGLBarChart.obj
         Release\OGLLineChart.obj
         Release\OGLLinePoint.obj
         Release\OGLLinePoint3D.obj
         Release\OGLPieChart.obj
         Release\OGLPieSegment.obj
         Release\OGLRectangle.obj
         Release\OGLScatter3D.obj
         Release\OGLWin32.obj
         Release\OGLWindow.obj
         Release\OGLScatter2D.obj
         Release\Vector2D.obj
         Release\Vector3D.obj
         Generating code
         Finished generating code
         OGLWin32.vcxproj -> C:\Users\Liam\Desktop\Graphics Temp\Graphics MUTHAFUCKIN FINISHED\graphics new\oglwin32\Release\OGLWin32.exe
     1>Done Building Project "C:\Users\Liam\Desktop\Graphics Temp\Graphics MUTHAFUCKIN FINISHED\graphics new\oglwin32\oglwin32\OGLWin32.vcxproj" (Build target(s)).

Build succeeded.

Time Elapsed 00:00:04.17
