Build started 15/12/2014 03:33:16.
     1>Project "C:\Users\Liam\Desktop\Graphics Temp\Graphics MUTHAFUCKIN FINISHED\graphics new\oglwin32\oglwin32\OGLWin32.vcxproj" on node 2 (Build target(s)).
     1>ClCompile:
         E:\Software\Microsoft Visual Studio 12.0\VC\bin\CL.exe /c /ZI /nologo /W3 /WX- /Od /Oy- /D WIN32 /D _DEBUG /D _WINDOWS /D _UNICODE /D UNICODE /Gm /EHsc /RTC1 /MDd /GS /fp:precise /Zc:wchar_t /Zc:forScope /Fo"Debug\\" /Fd"Debug\vc120.pdb" /Gd /TP /analyze- /errorReport:prompt OGLApplication.cpp OGLWin32.cpp
         OGLWin32.cpp
         OGLApplication.cpp
     1>c:\users\liam\desktop\graphics temp\graphics muthafuckin finished\graphics new\oglwin32\oglwin32\oglapplication.cpp(229): warning C4244: 'argument' : conversion from 'double' to 'float', possible loss of data
     1>c:\users\liam\desktop\graphics temp\graphics muthafuckin finished\graphics new\oglwin32\oglwin32\oglapplication.cpp(230): warning C4244: 'argument' : conversion from 'double' to 'float', possible loss of data
     1>c:\users\liam\desktop\graphics temp\graphics muthafuckin finished\graphics new\oglwin32\oglwin32\oglapplication.cpp(231): warning C4244: 'argument' : conversion from 'double' to 'float', possible loss of data
     1>c:\users\liam\desktop\graphics temp\graphics muthafuckin finished\graphics new\oglwin32\oglwin32\oglapplication.cpp(232): warning C4244: 'argument' : conversion from 'double' to 'float', possible loss of data
     1>c:\users\liam\desktop\graphics temp\graphics muthafuckin finished\graphics new\oglwin32\oglwin32\oglapplication.cpp(233): warning C4244: 'argument' : conversion from 'double' to 'float', possible loss of data
     1>c:\users\liam\desktop\graphics temp\graphics muthafuckin finished\graphics new\oglwin32\oglwin32\oglapplication.cpp(237): warning C4244: 'argument' : conversion from 'double' to 'float', possible loss of data
     1>c:\users\liam\desktop\graphics temp\graphics muthafuckin finished\graphics new\oglwin32\oglwin32\oglapplication.cpp(238): warning C4244: 'argument' : conversion from 'double' to 'float', possible loss of data
     1>c:\users\liam\desktop\graphics temp\graphics muthafuckin finished\graphics new\oglwin32\oglwin32\oglapplication.cpp(239): warning C4244: 'argument' : conversion from 'double' to 'float', possible loss of data
     1>c:\users\liam\desktop\graphics temp\graphics muthafuckin finished\graphics new\oglwin32\oglwin32\oglapplication.cpp(240): warning C4244: 'argument' : conversion from 'double' to 'float', possible loss of data
     1>c:\users\liam\desktop\graphics temp\graphics muthafuckin finished\graphics new\oglwin32\oglwin32\oglapplication.cpp(241): warning C4244: 'argument' : conversion from 'double' to 'float', possible loss of data
     1>c:\users\liam\desktop\graphics temp\graphics muthafuckin finished\graphics new\oglwin32\oglwin32\oglapplication.cpp(173): warning C4101: 'wmId' : unreferenced local variable
     1>c:\users\liam\desktop\graphics temp\graphics muthafuckin finished\graphics new\oglwin32\oglwin32\oglapplication.cpp(173): warning C4101: 'wmEvent' : unreferenced local variable
     1>c:\users\liam\desktop\graphics temp\graphics muthafuckin finished\graphics new\oglwin32\oglwin32\oglapplication.cpp(433): warning C4996: 'mbstowcs': This function or variable may be unsafe. Consider using mbstowcs_s instead. To disable deprecation, use _CRT_SECURE_NO_WARNINGS. See online help for details.
                 e:\software\microsoft visual studio 12.0\vc\include\stdlib.h(528) : see declaration of 'mbstowcs'
         Generating Code...
       Link:
         E:\Software\Microsoft Visual Studio 12.0\VC\bin\link.exe /ERRORREPORT:PROMPT /OUT:"C:\Users\Liam\Desktop\Graphics Temp\Graphics MUTHAFUCKIN FINISHED\graphics new\oglwin32\Debug\OGLWin32.exe" /INCREMENTAL /NOLOGO kernel32.lib user32.lib gdi32.lib winspool.lib comdlg32.lib advapi32.lib shell32.lib ole32.lib oleaut32.lib uuid.lib odbc32.lib odbccp32.lib kernel32.lib user32.lib gdi32.lib winspool.lib comdlg32.lib advapi32.lib shell32.lib ole32.lib oleaut32.lib uuid.lib odbc32.lib odbccp32.lib /MANIFEST /MANIFESTUAC:"level='asInvoker' uiAccess='false'" /manifest:embed /DEBUG /PDB:"C:\Users\Liam\Desktop\Graphics Temp\Graphics MUTHAFUCKIN FINISHED\graphics new\oglwin32\Debug\OGLWin32.pdb" /SUBSYSTEM:WINDOWS /TLBID:1 /DYNAMICBASE /NXCOMPAT /IMPLIB:"C:\Users\Liam\Desktop\Graphics Temp\Graphics MUTHAFUCKIN FINISHED\graphics new\oglwin32\Debug\OGLWin32.lib" /MACHINE:X86 Debug\OGLWin32.res
         Debug\FileReader.obj
         Debug\GLFont.obj
         Debug\Graph.obj
         Debug\GUIText.obj
         Debug\ListHead.obj
         Debug\ListNode.obj
         Debug\OGLApplication.obj
         Debug\OGLBarChart.obj
         Debug\OGLLineChart.obj
         Debug\OGLLinePoint.obj
         Debug\OGLLinePoint3D.obj
         Debug\OGLPieChart.obj
         Debug\OGLPieSegment.obj
         Debug\OGLRectangle.obj
         Debug\OGLScatter3D.obj
         Debug\OGLWin32.obj
         Debug\OGLWindow.obj
         Debug\OGLScatter2D.obj
         Debug\Vector2D.obj
         Debug\Vector3D.obj
         OGLWin32.vcxproj -> C:\Users\Liam\Desktop\Graphics Temp\Graphics MUTHAFUCKIN FINISHED\graphics new\oglwin32\Debug\OGLWin32.exe
     1>Done Building Project "C:\Users\Liam\Desktop\Graphics Temp\Graphics MUTHAFUCKIN FINISHED\graphics new\oglwin32\oglwin32\OGLWin32.vcxproj" (Build target(s)).

Build succeeded.

Time Elapsed 00:00:03.03
